[0.032s] Invoking command in '/home/vatsan/robo/build/turtlebot3_gazebo': CMAKE_PREFIX_PATH=/opt/ros/humble DEBUGINFOD_URLS=https://debuginfod.ubuntu.com /home/vatsan/.local/bin/cmake /home/vatsan/robo/src/ros2_learners/turtlebot3_gazebo -DCMAKE_INSTALL_PREFIX=/home/vatsan/robo/install/turtlebot3_gazebo
[0.222s] [0mCMake Deprecation Warning at CMakeLists.txt:4 (cmake_minimum_required):
[0.222s]   Compatibility with CMake < 3.10 will be removed from a future version of
[0.222s]   CMake.
[0.222s] 
[0.222s]   Update the VERSION argument <min> value.  Or, use the <min>...<max> syntax
[0.222s]   to tell CMake that the project requires at least <min> but has been updated
[0.222s]   to work with policies introduced by <max> or earlier.
[0.223s] 
[0.223s] [0m
[0.223s] -- The C compiler identification is GNU 11.4.0
[0.297s] -- The CXX compiler identification is GNU 11.4.0
[0.305s] -- Detecting C compiler ABI info
[0.362s] -- Detecting C compiler ABI info - done
[0.386s] -- Check for working C compiler: /usr/bin/cc - skipped
[0.386s] -- Detecting C compile features
[0.387s] -- Detecting C compile features - done
[0.401s] -- Detecting CXX compiler ABI info
[0.487s] -- Detecting CXX compiler ABI info - done
[0.513s] -- Check for working CXX compiler: /usr/bin/c++ - skipped
[0.513s] -- Detecting CXX compile features
[0.514s] -- Detecting CXX compile features - done
[0.523s] -- Found ament_cmake: 1.3.10 (/opt/ros/humble/share/ament_cmake/cmake)
[0.702s] -- Found Python3: /usr/bin/python3 (found version "3.10.12") found components: Interpreter
[0.795s] -- Found PkgConfig: /usr/bin/pkg-config (found version "0.29.2")
[0.795s] [33mCMake Warning (dev) at /home/vatsan/.local/lib/python3.10/site-packages/cmake/data/share/cmake-3.31/Modules/FindPackageHandleStandardArgs.cmake:441 (message):
[0.795s]   The package name passed to `find_package_handle_standard_args` (PkgConfig)
[0.795s]   does not match the name of the calling package (gazebo).  This can lead to
[0.796s]   problems in calling code that expects `find_package` result variables
[0.796s]   (e.g., `_FOUND`) to follow a certain pattern.
[0.796s] Call Stack (most recent call first):
[0.796s]   /home/vatsan/.local/lib/python3.10/site-packages/cmake/data/share/cmake-3.31/Modules/FindPkgConfig.cmake:114 (find_package_handle_standard_args)
[0.796s]   /usr/lib/x86_64-linux-gnu/cmake/gazebo/gazebo-config.cmake:72 (include)
[0.796s]   CMakeLists.txt:23 (find_package)
[0.796s] This warning is for project developers.  Use -Wno-dev to suppress it.
[0.796s] [0m
[0.800s] -- Checking for module 'bullet>=2.82'
[0.810s] --   Found bullet, version 3.05
[0.902s] -- Found fcl: /usr/include (found suitable version "0.7.0", minimum required is "0.5.0")
[0.988s] -- Found assimp: /usr/include (found version "5.2.0")
[0.989s] [33mCMake Warning (dev) at /usr/share/dart/cmake/DARTFindBoost.cmake:20 (find_package):
[0.989s]   Policy CMP0167 is not set: The FindBoost module is removed.  Run "cmake
[0.989s]   --help-policy CMP0167" for policy details.  Use the cmake_policy command to
[0.989s]   set the policy and suppress this warning.
[0.990s] 
[0.990s] Call Stack (most recent call first):
[0.990s]   /usr/share/dart/cmake/dart_dartComponent.cmake:6 (include)
[0.990s]   /usr/share/dart/cmake/DARTConfig.cmake:73 (include)
[0.990s]   /usr/share/dart/cmake/DARTConfig.cmake:133 (dart_traverse_components)
[0.990s]   /usr/share/dart/cmake/DARTConfig.cmake:181 (dart_package_init)
[0.990s]   /usr/lib/x86_64-linux-gnu/cmake/gazebo/gazebo-config.cmake:166 (find_package)
[0.990s]   CMakeLists.txt:23 (find_package)
[0.990s] This warning is for project developers.  Use -Wno-dev to suppress it.
[0.990s] [0m
[1.045s] -- Found DART: /usr/include (Required is at least version "6.6") found components: dart
[1.066s] [33mCMake Warning (dev) at /usr/lib/x86_64-linux-gnu/cmake/gazebo/gazebo-config.cmake:197 (find_package):
[1.066s]   Policy CMP0167 is not set: The FindBoost module is removed.  Run "cmake
[1.066s]   --help-policy CMP0167" for policy details.  Use the cmake_policy command to
[1.067s]   set the policy and suppress this warning.
[1.067s] 
[1.067s] Call Stack (most recent call first):
[1.067s]   CMakeLists.txt:23 (find_package)
[1.067s] This warning is for project developers.  Use -Wno-dev to suppress it.
[1.067s] [0m
[1.323s] -- Found Boost: /usr/lib/x86_64-linux-gnu/cmake/Boost-1.74.0/BoostConfig.cmake (found suitable version "1.74.0", minimum required is "1.40.0") found components: thread system filesystem program_options regex iostreams date_time
[1.392s] -- Found Protobuf: /usr/lib/x86_64-linux-gnu/libprotobuf.so (found version "3.12.4")
[1.412s] -- Looking for ignition-math6 -- found version 6.15.1
[1.421s] -- Searching for dependencies of ignition-math6
[1.427s] -- Looking for OGRE...
[1.428s] -- OGRE_PREFIX_WATCH changed.
[1.445s] -- Checking for module 'OGRE'
[1.473s] --   Found OGRE, version 1.9.0
[1.551s] -- Found Ogre Ghadamon (1.9.0)
[1.605s] -- Found OGRE: optimized;/usr/lib/x86_64-linux-gnu/libOgreMain.so;debug;/usr/lib/x86_64-linux-gnu/libOgreMain.so
[1.606s] [33mCMake Warning (dev) at /usr/share/OGRE/cmake/modules/FindOGRE.cmake:309 (find_package):
[1.606s]   Policy CMP0167 is not set: The FindBoost module is removed.  Run "cmake
[1.606s]   --help-policy CMP0167" for policy details.  Use the cmake_policy command to
[1.606s]   set the policy and suppress this warning.
[1.606s] 
[1.606s] Call Stack (most recent call first):
[1.606s]   /usr/lib/x86_64-linux-gnu/cmake/gazebo/gazebo-config.cmake:213 (find_package)
[1.606s]   CMakeLists.txt:23 (find_package)
[1.606s] This warning is for project developers.  Use -Wno-dev to suppress it.
[1.607s] [0m
[1.621s] [33mCMake Warning (dev) at /usr/share/OGRE/cmake/modules/FindOGRE.cmake:318 (find_package):
[1.621s]   Policy CMP0167 is not set: The FindBoost module is removed.  Run "cmake
[1.622s]   --help-policy CMP0167" for policy details.  Use the cmake_policy command to
[1.622s]   set the policy and suppress this warning.
[1.622s] 
[1.622s] Call Stack (most recent call first):
[1.623s]   /usr/lib/x86_64-linux-gnu/cmake/gazebo/gazebo-config.cmake:213 (find_package)
[1.623s]   CMakeLists.txt:23 (find_package)
[1.623s] This warning is for project developers.  Use -Wno-dev to suppress it.
[1.623s] [0m
[1.644s] -- Looking for OGRE_Paging...
[1.682s] -- Found OGRE_Paging: optimized;/usr/lib/x86_64-linux-gnu/libOgrePaging.so;debug;/usr/lib/x86_64-linux-gnu/libOgrePaging.so
[1.682s] -- Looking for OGRE_Terrain...
[1.729s] -- Found OGRE_Terrain: optimized;/usr/lib/x86_64-linux-gnu/libOgreTerrain.so;debug;/usr/lib/x86_64-linux-gnu/libOgreTerrain.so
[1.729s] -- Looking for OGRE_Property...
[1.767s] -- Found OGRE_Property: optimized;/usr/lib/x86_64-linux-gnu/libOgreProperty.so;debug;/usr/lib/x86_64-linux-gnu/libOgreProperty.so
[1.767s] -- Looking for OGRE_RTShaderSystem...
[1.808s] -- Found OGRE_RTShaderSystem: optimized;/usr/lib/x86_64-linux-gnu/libOgreRTShaderSystem.so;debug;/usr/lib/x86_64-linux-gnu/libOgreRTShaderSystem.so
[1.808s] -- Looking for OGRE_Volume...
[1.836s] -- Found OGRE_Volume: optimized;/usr/lib/x86_64-linux-gnu/libOgreVolume.so;debug;/usr/lib/x86_64-linux-gnu/libOgreVolume.so
[1.836s] -- Looking for OGRE_Overlay...
[1.860s] -- Found OGRE_Overlay: optimized;/usr/lib/x86_64-linux-gnu/libOgreOverlay.so;debug;/usr/lib/x86_64-linux-gnu/libOgreOverlay.so
[2.465s] -- Looking for ignition-math6 -- found version 6.15.1
[2.469s] -- Looking for ignition-transport8 -- found version 8.2.1
[2.473s] -- Searching for dependencies of ignition-transport8
[2.516s] -- Found Protobuf: /usr/lib/x86_64-linux-gnu/libprotobuf.so (found suitable version "3.12.4", minimum required is "3")
[2.545s] -- Config-file not installed for ZeroMQ -- checking for pkg-config
[2.556s] -- Checking for module 'libzmq >= 4'
[2.585s] --   Found libzmq, version 4.3.4
[2.672s] -- Found ZeroMQ: TRUE (Required is at least version "4")
[2.674s] -- Checking for module 'uuid'
[2.710s] --   Found uuid, version 2.37.2
[2.783s] -- Found UUID: TRUE
[2.793s] -- Looking for ignition-msgs5 -- found version 5.8.1
[2.793s] -- Searching for dependencies of ignition-msgs5
[2.838s] -- Looking for ignition-math6 -- found version 6.15.1
[2.858s] -- Checking for module 'tinyxml2'
[2.888s] --   Found tinyxml2, version 9.0.0
[2.958s] -- Looking for ignition-msgs5 -- found version 5.8.1
[2.964s] -- Looking for ignition-common3 -- found version 3.14.0
[2.965s] -- Searching for dependencies of ignition-common3
[2.965s] -- Looking for dlfcn.h - found
[2.967s] -- Looking for libdl - found
[2.973s] -- Found DL: TRUE
[3.009s] -- Found tinyobjloader: /usr/lib/x86_64-linux-gnu/cmake/tinyobjloader/tinyobjloader-config.cmake (found version "2.0.0")
[3.013s] -- Searching for <ignition-common3> component [graphics]
[3.019s] -- Looking for ignition-common3-graphics -- found version 3.14.0
[3.019s] -- Searching for dependencies of ignition-common3-graphics
[3.020s] -- Looking for ignition-math6 -- found version 6.15.1
[3.026s] -- Looking for ignition-fuel_tools4 -- found version 4.4.0
[3.026s] -- Searching for dependencies of ignition-fuel_tools4
[3.220s] -- Found CURL: /usr/lib/x86_64-linux-gnu/libcurl.so (found version "7.81.0")
[3.226s] [0mCMake Deprecation Warning at /usr/lib/x86_64-linux-gnu/cmake/jsoncpp/jsoncppConfig.cmake:2 (cmake_policy):
[3.226s]   Compatibility with CMake < 3.10 will be removed from a future version of
[3.227s]   CMake.
[3.227s] 
[3.227s]   Update the VERSION argument <min> value.  Or, use the <min>...<max> syntax
[3.227s]   to tell CMake that the project requires at least <min> but has been updated
[3.227s]   to work with policies introduced by <max> or earlier.
[3.227s] Call Stack (most recent call first):
[3.227s]   /usr/share/cmake/ignition-cmake2/cmake2/FindJSONCPP.cmake:34 (find_package)
[3.227s]   /usr/lib/x86_64-linux-gnu/cmake/ignition-fuel_tools4/ignition-fuel_tools4-config.cmake:94 (find_package)
[3.227s]   /usr/lib/x86_64-linux-gnu/cmake/gazebo/gazebo-config.cmake:251 (find_package)
[3.227s]   CMakeLists.txt:23 (find_package)
[3.227s] 
[3.227s] [0m
[3.242s] -- Checking for module 'jsoncpp'
[3.270s] --   Found jsoncpp, version 1.9.5
[3.344s] -- Found JSONCPP: TRUE
[3.358s] -- Checking for module 'libzip'
[3.386s] --   Found libzip, version 1.7.3
[3.464s] -- Found ZIP: TRUE
[3.465s] -- Looking for ignition-common3 -- found version 3.14.0
[3.466s] -- Looking for ignition-math6 -- found version 6.15.1
[3.467s] -- Looking for ignition-msgs5 -- found version 5.8.1
[3.477s] -- Found gazebo_ros_pkgs: 3.7.0 (/opt/ros/humble/share/gazebo_ros_pkgs/cmake)
[3.483s] -- Found geometry_msgs: 4.2.4 (/opt/ros/humble/share/geometry_msgs/cmake)
[3.588s] -- Found rosidl_generator_c: 3.1.5 (/opt/ros/humble/share/rosidl_generator_c/cmake)
[3.605s] -- Found rosidl_adapter: 3.1.5 (/opt/ros/humble/share/rosidl_adapter/cmake)
[3.638s] -- Found rosidl_generator_cpp: 3.1.5 (/opt/ros/humble/share/rosidl_generator_cpp/cmake)
[3.665s] -- Using all available rosidl_typesupport_c: rosidl_typesupport_fastrtps_c;rosidl_typesupport_introspection_c
[3.700s] -- Using all available rosidl_typesupport_cpp: rosidl_typesupport_fastrtps_cpp;rosidl_typesupport_introspection_cpp
[3.788s] -- Found nav_msgs: 4.2.4 (/opt/ros/humble/share/nav_msgs/cmake)
[3.856s] -- Found rclcpp: 16.0.10 (/opt/ros/humble/share/rclcpp/cmake)
[4.002s] -- Found rmw_implementation_cmake: 6.1.2 (/opt/ros/humble/share/rmw_implementation_cmake/cmake)
[4.009s] -- Found rmw_fastrtps_cpp: 6.2.7 (/opt/ros/humble/share/rmw_fastrtps_cpp/cmake)
[4.242s] -- Found OpenSSL: /usr/lib/x86_64-linux-gnu/libcrypto.so (found version "3.0.2")
[4.327s] -- Found FastRTPS: /opt/ros/humble/include
[4.454s] -- Using RMW implementation 'rmw_fastrtps_cpp' as default
[4.483s] -- Found Threads: TRUE
[4.653s] -- Found sensor_msgs: 4.2.4 (/opt/ros/humble/share/sensor_msgs/cmake)
[4.736s] -- Found tf2: 0.25.8 (/opt/ros/humble/share/tf2/cmake)
[4.912s] -- Configuring done (4.8s)
[5.023s] -- Generating done (0.1s)
[5.039s] -- Build files have been written to: /home/vatsan/robo/build/turtlebot3_gazebo
[5.071s] Invoked command in '/home/vatsan/robo/build/turtlebot3_gazebo' returned '0': CMAKE_PREFIX_PATH=/opt/ros/humble DEBUGINFOD_URLS=https://debuginfod.ubuntu.com /home/vatsan/.local/bin/cmake /home/vatsan/robo/src/ros2_learners/turtlebot3_gazebo -DCMAKE_INSTALL_PREFIX=/home/vatsan/robo/install/turtlebot3_gazebo
[5.072s] Invoking command in '/home/vatsan/robo/build/turtlebot3_gazebo': CMAKE_PREFIX_PATH=/opt/ros/humble DEBUGINFOD_URLS=https://debuginfod.ubuntu.com /home/vatsan/.local/bin/cmake --build /home/vatsan/robo/build/turtlebot3_gazebo -- -j8 -l8
[5.296s] [ 12%] [32mBuilding CXX object CMakeFiles/turtlebot3_drive.dir/src/turtlebot3_drive.cpp.o[0m
[5.305s] [ 25%] [32mBuilding CXX object CMakeFiles/obstacle1.dir/models/turtlebot3_dqn_world/obstacle_plugin/obstacle1.cc.o[0m
[5.315s] [ 37%] [32mBuilding CXX object CMakeFiles/obstacle2.dir/models/turtlebot3_dqn_world/obstacle_plugin/obstacle2.cc.o[0m
[5.316s] [ 50%] [32mBuilding CXX object CMakeFiles/obstacles.dir/models/turtlebot3_dqn_world/obstacle_plugin/obstacles.cc.o[0m
[20.809s] [ 62%] [32m[1mLinking CXX shared library libobstacles.so[0m
[20.998s] [ 62%] Built target obstacles
[21.119s] [ 75%] [32m[1mLinking CXX shared library libobstacle2.so[0m
[21.119s] [ 87%] [32m[1mLinking CXX shared library libobstacle1.so[0m
[21.321s] [ 87%] Built target obstacle2
[21.321s] [ 87%] Built target obstacle1
[22.108s] [100%] [32m[1mLinking CXX executable turtlebot3_drive[0m
[22.501s] [100%] Built target turtlebot3_drive
[22.504s] Invoked command in '/home/vatsan/robo/build/turtlebot3_gazebo' returned '0': CMAKE_PREFIX_PATH=/opt/ros/humble DEBUGINFOD_URLS=https://debuginfod.ubuntu.com /home/vatsan/.local/bin/cmake --build /home/vatsan/robo/build/turtlebot3_gazebo -- -j8 -l8
[22.505s] Invoking command in '/home/vatsan/robo/build/turtlebot3_gazebo': CMAKE_PREFIX_PATH=/opt/ros/humble DEBUGINFOD_URLS=https://debuginfod.ubuntu.com /home/vatsan/.local/bin/cmake --install /home/vatsan/robo/build/turtlebot3_gazebo
[22.567s] -- Install configuration: ""
[22.567s] -- Installing: /home/vatsan/robo/install/turtlebot3_gazebo/lib/turtlebot3_gazebo/turtlebot3_drive
[22.570s] -- Set non-toolchain portion of runtime path of "/home/vatsan/robo/install/turtlebot3_gazebo/lib/turtlebot3_gazebo/turtlebot3_drive" to ""
[22.570s] -- Installing: /home/vatsan/robo/install/turtlebot3_gazebo/share/turtlebot3_gazebo//launch
[22.570s] -- Installing: /home/vatsan/robo/install/turtlebot3_gazebo/share/turtlebot3_gazebo//launch/spawn_turtlebot3.launch.py
[22.570s] -- Installing: /home/vatsan/robo/install/turtlebot3_gazebo/share/turtlebot3_gazebo//launch/turtlebot3_world.launch.py
[22.570s] -- Installing: /home/vatsan/robo/install/turtlebot3_gazebo/share/turtlebot3_gazebo//launch/turtlebot3_dqn_stage4.launch.py
[22.570s] -- Installing: /home/vatsan/robo/install/turtlebot3_gazebo/share/turtlebot3_gazebo//launch/turtlebot3_dqn_stage3.launch.py
[22.570s] -- Installing: /home/vatsan/robo/install/turtlebot3_gazebo/share/turtlebot3_gazebo//launch/empty_world.launch.py
[22.570s] -- Installing: /home/vatsan/robo/install/turtlebot3_gazebo/share/turtlebot3_gazebo//launch/robot_state_publisher.launch.py
[22.570s] -- Installing: /home/vatsan/robo/install/turtlebot3_gazebo/share/turtlebot3_gazebo//launch/turtlebot3_house.launch.py
[22.570s] -- Installing: /home/vatsan/robo/install/turtlebot3_gazebo/share/turtlebot3_gazebo//launch/turtlebot3_dqn_stage2.launch.py
[22.570s] -- Installing: /home/vatsan/robo/install/turtlebot3_gazebo/share/turtlebot3_gazebo//launch/turtlebot3_dqn_stage1.launch.py
[22.570s] -- Installing: /home/vatsan/robo/install/turtlebot3_gazebo/share/turtlebot3_gazebo//models
[22.570s] -- Installing: /home/vatsan/robo/install/turtlebot3_gazebo/share/turtlebot3_gazebo//models/turtlebot3_waffle
[22.570s] -- Installing: /home/vatsan/robo/install/turtlebot3_gazebo/share/turtlebot3_gazebo//models/turtlebot3_waffle/model-1_4.sdf
[22.570s] -- Installing: /home/vatsan/robo/install/turtlebot3_gazebo/share/turtlebot3_gazebo//models/turtlebot3_waffle/model.config
[22.571s] -- Installing: /home/vatsan/robo/install/turtlebot3_gazebo/share/turtlebot3_gazebo//models/turtlebot3_waffle/model.sdf
[22.571s] -- Installing: /home/vatsan/robo/install/turtlebot3_gazebo/share/turtlebot3_gazebo//models/turtlebot3_dqn_world
[22.571s] -- Installing: /home/vatsan/robo/install/turtlebot3_gazebo/share/turtlebot3_gazebo//models/turtlebot3_dqn_world/inner_walls
[22.571s] -- Installing: /home/vatsan/robo/install/turtlebot3_gazebo/share/turtlebot3_gazebo//models/turtlebot3_dqn_world/inner_walls/model.config
[22.571s] -- Installing: /home/vatsan/robo/install/turtlebot3_gazebo/share/turtlebot3_gazebo//models/turtlebot3_dqn_world/inner_walls/model.sdf
[22.571s] -- Installing: /home/vatsan/robo/install/turtlebot3_gazebo/share/turtlebot3_gazebo//models/turtlebot3_dqn_world/goal_box
[22.571s] -- Installing: /home/vatsan/robo/install/turtlebot3_gazebo/share/turtlebot3_gazebo//models/turtlebot3_dqn_world/goal_box/model.config
[22.571s] -- Installing: /home/vatsan/robo/install/turtlebot3_gazebo/share/turtlebot3_gazebo//models/turtlebot3_dqn_world/goal_box/model.sdf
[22.571s] -- Installing: /home/vatsan/robo/install/turtlebot3_gazebo/share/turtlebot3_gazebo//models/turtlebot3_dqn_world/obstacles
[22.571s] -- Installing: /home/vatsan/robo/install/turtlebot3_gazebo/share/turtlebot3_gazebo//models/turtlebot3_dqn_world/obstacles/model.config
[22.571s] -- Installing: /home/vatsan/robo/install/turtlebot3_gazebo/share/turtlebot3_gazebo//models/turtlebot3_dqn_world/obstacles/model.sdf
[22.571s] -- Installing: /home/vatsan/robo/install/turtlebot3_gazebo/share/turtlebot3_gazebo//models/turtlebot3_dqn_world/obstacle_plugin
[22.571s] -- Installing: /home/vatsan/robo/install/turtlebot3_gazebo/share/turtlebot3_gazebo//models/turtlebot3_dqn_world/obstacle_plugin/obstacle1.cc
[22.571s] -- Installing: /home/vatsan/robo/install/turtlebot3_gazebo/share/turtlebot3_gazebo//models/turtlebot3_dqn_world/obstacle_plugin/obstacles.cc
[22.571s] -- Installing: /home/vatsan/robo/install/turtlebot3_gazebo/share/turtlebot3_gazebo//models/turtlebot3_dqn_world/obstacle_plugin/obstacle2.cc
[22.571s] -- Installing: /home/vatsan/robo/install/turtlebot3_gazebo/share/turtlebot3_gazebo//models/turtlebot3_dqn_world/obstacle_plugin/CMakeLists.txt
[22.571s] -- Installing: /home/vatsan/robo/install/turtlebot3_gazebo/share/turtlebot3_gazebo//models/turtlebot3_dqn_world/model.config
[22.572s] -- Installing: /home/vatsan/robo/install/turtlebot3_gazebo/share/turtlebot3_gazebo//models/turtlebot3_dqn_world/obstacle1
[22.572s] -- Installing: /home/vatsan/robo/install/turtlebot3_gazebo/share/turtlebot3_gazebo//models/turtlebot3_dqn_world/obstacle1/model.config
[22.572s] -- Installing: /home/vatsan/robo/install/turtlebot3_gazebo/share/turtlebot3_gazebo//models/turtlebot3_dqn_world/obstacle1/model.sdf
[22.572s] -- Installing: /home/vatsan/robo/install/turtlebot3_gazebo/share/turtlebot3_gazebo//models/turtlebot3_dqn_world/model.sdf
[22.572s] -- Installing: /home/vatsan/robo/install/turtlebot3_gazebo/share/turtlebot3_gazebo//models/turtlebot3_dqn_world/obstacle2
[22.572s] -- Installing: /home/vatsan/robo/install/turtlebot3_gazebo/share/turtlebot3_gazebo//models/turtlebot3_dqn_world/obstacle2/model.config
[22.572s] -- Installing: /home/vatsan/robo/install/turtlebot3_gazebo/share/turtlebot3_gazebo//models/turtlebot3_dqn_world/obstacle2/model.sdf
[22.572s] -- Installing: /home/vatsan/robo/install/turtlebot3_gazebo/share/turtlebot3_gazebo//models/turtlebot3_world
[22.572s] -- Installing: /home/vatsan/robo/install/turtlebot3_gazebo/share/turtlebot3_gazebo//models/turtlebot3_world/model-1_4.sdf
[22.572s] -- Installing: /home/vatsan/robo/install/turtlebot3_gazebo/share/turtlebot3_gazebo//models/turtlebot3_world/meshes
[22.572s] -- Installing: /home/vatsan/robo/install/turtlebot3_gazebo/share/turtlebot3_gazebo//models/turtlebot3_world/meshes/wall.dae
[22.572s] -- Installing: /home/vatsan/robo/install/turtlebot3_gazebo/share/turtlebot3_gazebo//models/turtlebot3_world/meshes/hexagon.dae
[22.572s] -- Installing: /home/vatsan/robo/install/turtlebot3_gazebo/share/turtlebot3_gazebo//models/turtlebot3_world/model.config
[22.572s] -- Installing: /home/vatsan/robo/install/turtlebot3_gazebo/share/turtlebot3_gazebo//models/turtlebot3_world/model.sdf
[22.572s] -- Installing: /home/vatsan/robo/install/turtlebot3_gazebo/share/turtlebot3_gazebo//models/turtlebot3_common
[22.572s] -- Installing: /home/vatsan/robo/install/turtlebot3_gazebo/share/turtlebot3_gazebo//models/turtlebot3_common/meshes
[22.572s] -- Installing: /home/vatsan/robo/install/turtlebot3_gazebo/share/turtlebot3_gazebo//models/turtlebot3_common/meshes/lds.dae
[22.572s] -- Installing: /home/vatsan/robo/install/turtlebot3_gazebo/share/turtlebot3_gazebo//models/turtlebot3_common/meshes/burger_base.dae
[22.572s] -- Installing: /home/vatsan/robo/install/turtlebot3_gazebo/share/turtlebot3_gazebo//models/turtlebot3_common/meshes/waffle_base.dae
[22.573s] -- Installing: /home/vatsan/robo/install/turtlebot3_gazebo/share/turtlebot3_gazebo//models/turtlebot3_common/meshes/r200.dae
[22.573s] -- Installing: /home/vatsan/robo/install/turtlebot3_gazebo/share/turtlebot3_gazebo//models/turtlebot3_common/meshes/waffle_pi_base.dae
[22.573s] -- Installing: /home/vatsan/robo/install/turtlebot3_gazebo/share/turtlebot3_gazebo//models/turtlebot3_common/meshes/tire.dae
[22.573s] -- Installing: /home/vatsan/robo/install/turtlebot3_gazebo/share/turtlebot3_gazebo//models/turtlebot3_common/model.config
[22.573s] -- Installing: /home/vatsan/robo/install/turtlebot3_gazebo/share/turtlebot3_gazebo//models/turtlebot3_house
[22.573s] -- Installing: /home/vatsan/robo/install/turtlebot3_gazebo/share/turtlebot3_gazebo//models/turtlebot3_house/model.config
[22.573s] -- Installing: /home/vatsan/robo/install/turtlebot3_gazebo/share/turtlebot3_gazebo//models/turtlebot3_house/model.sdf
[22.574s] -- Installing: /home/vatsan/robo/install/turtlebot3_gazebo/share/turtlebot3_gazebo//rviz
[22.574s] -- Installing: /home/vatsan/robo/install/turtlebot3_gazebo/share/turtlebot3_gazebo//rviz/tb3_gazebo.rviz
[22.574s] -- Installing: /home/vatsan/robo/install/turtlebot3_gazebo/share/turtlebot3_gazebo//urdf
[22.574s] -- Installing: /home/vatsan/robo/install/turtlebot3_gazebo/share/turtlebot3_gazebo//urdf/turtlebot3_burger.urdf
[22.574s] -- Installing: /home/vatsan/robo/install/turtlebot3_gazebo/share/turtlebot3_gazebo//urdf/turtlebot3_waffle_pi.urdf
[22.574s] -- Installing: /home/vatsan/robo/install/turtlebot3_gazebo/share/turtlebot3_gazebo//urdf/turtlebot3_waffle.urdf
[22.574s] -- Installing: /home/vatsan/robo/install/turtlebot3_gazebo/share/turtlebot3_gazebo//urdf/common_properties.urdf
[22.574s] -- Installing: /home/vatsan/robo/install/turtlebot3_gazebo/share/turtlebot3_gazebo//worlds
[22.574s] -- Installing: /home/vatsan/robo/install/turtlebot3_gazebo/share/turtlebot3_gazebo//worlds/turtlebot3_world.world
[22.574s] -- Installing: /home/vatsan/robo/install/turtlebot3_gazebo/share/turtlebot3_gazebo//worlds/RL (copy).world
[22.574s] -- Installing: /home/vatsan/robo/install/turtlebot3_gazebo/share/turtlebot3_gazebo//worlds/turtlebot3_house.world
[22.574s] -- Installing: /home/vatsan/robo/install/turtlebot3_gazebo/share/turtlebot3_gazebo//worlds/empty_world.world
[22.574s] -- Installing: /home/vatsan/robo/install/turtlebot3_gazebo/share/turtlebot3_gazebo//worlds/warehouse.world
[22.575s] -- Installing: /home/vatsan/robo/install/turtlebot3_gazebo/share/turtlebot3_gazebo//worlds/RL.world
[22.575s] -- Installing: /home/vatsan/robo/install/turtlebot3_gazebo/share/turtlebot3_gazebo//worlds/turtlebot3_dqn_stage1.world
[22.575s] -- Installing: /home/vatsan/robo/install/turtlebot3_gazebo/share/turtlebot3_gazebo//worlds/damn.world
[22.575s] -- Installing: /home/vatsan/robo/install/turtlebot3_gazebo/share/turtlebot3_gazebo//worlds/final_new.world
[22.575s] -- Installing: /home/vatsan/robo/install/turtlebot3_gazebo/share/turtlebot3_gazebo//worlds/final.world
[22.576s] -- Installing: /home/vatsan/robo/install/turtlebot3_gazebo/share/turtlebot3_gazebo//worlds/turtlebot3_dqn_stage3.world
[22.576s] -- Installing: /home/vatsan/robo/install/turtlebot3_gazebo/share/turtlebot3_gazebo//worlds/turtlebot3_dqn_stage2.world
[22.576s] -- Installing: /home/vatsan/robo/install/turtlebot3_gazebo/share/turtlebot3_gazebo//worlds/warehouse_old.world
[22.576s] -- Installing: /home/vatsan/robo/install/turtlebot3_gazebo/share/turtlebot3_gazebo//worlds/turtlebot3_dqn_stage4.world
[22.576s] -- Installing: /home/vatsan/robo/install/turtlebot3_gazebo/include/
[22.576s] -- Installing: /home/vatsan/robo/install/turtlebot3_gazebo/include//turtlebot3_gazebo
[22.576s] -- Installing: /home/vatsan/robo/install/turtlebot3_gazebo/include//turtlebot3_gazebo/turtlebot3_drive.hpp
[22.576s] -- Installing: /home/vatsan/robo/install/turtlebot3_gazebo/share/ament_index/resource_index/package_run_dependencies/turtlebot3_gazebo
[22.576s] -- Installing: /home/vatsan/robo/install/turtlebot3_gazebo/share/ament_index/resource_index/parent_prefix_path/turtlebot3_gazebo
[22.576s] -- Installing: /home/vatsan/robo/install/turtlebot3_gazebo/share/turtlebot3_gazebo/environment/ament_prefix_path.sh
[22.576s] -- Installing: /home/vatsan/robo/install/turtlebot3_gazebo/share/turtlebot3_gazebo/environment/ament_prefix_path.dsv
[22.577s] -- Installing: /home/vatsan/robo/install/turtlebot3_gazebo/share/turtlebot3_gazebo/environment/path.sh
[22.577s] -- Installing: /home/vatsan/robo/install/turtlebot3_gazebo/share/turtlebot3_gazebo/environment/path.dsv
[22.577s] -- Installing: /home/vatsan/robo/install/turtlebot3_gazebo/share/turtlebot3_gazebo/local_setup.bash
[22.577s] -- Installing: /home/vatsan/robo/install/turtlebot3_gazebo/share/turtlebot3_gazebo/local_setup.sh
[22.577s] -- Installing: /home/vatsan/robo/install/turtlebot3_gazebo/share/turtlebot3_gazebo/local_setup.zsh
[22.577s] -- Installing: /home/vatsan/robo/install/turtlebot3_gazebo/share/turtlebot3_gazebo/local_setup.dsv
[22.577s] -- Installing: /home/vatsan/robo/install/turtlebot3_gazebo/share/turtlebot3_gazebo/package.dsv
[22.577s] -- Installing: /home/vatsan/robo/install/turtlebot3_gazebo/share/ament_index/resource_index/packages/turtlebot3_gazebo
[22.577s] -- Installing: /home/vatsan/robo/install/turtlebot3_gazebo/share/turtlebot3_gazebo/cmake/ament_cmake_export_include_directories-extras.cmake
[22.577s] -- Installing: /home/vatsan/robo/install/turtlebot3_gazebo/share/turtlebot3_gazebo/cmake/ament_cmake_export_dependencies-extras.cmake
[22.577s] -- Installing: /home/vatsan/robo/install/turtlebot3_gazebo/share/turtlebot3_gazebo/cmake/turtlebot3_gazeboConfig.cmake
[22.578s] -- Installing: /home/vatsan/robo/install/turtlebot3_gazebo/share/turtlebot3_gazebo/cmake/turtlebot3_gazeboConfig-version.cmake
[22.578s] -- Installing: /home/vatsan/robo/install/turtlebot3_gazebo/share/turtlebot3_gazebo/package.xml
[22.579s] Invoked command in '/home/vatsan/robo/build/turtlebot3_gazebo' returned '0': CMAKE_PREFIX_PATH=/opt/ros/humble DEBUGINFOD_URLS=https://debuginfod.ubuntu.com /home/vatsan/.local/bin/cmake --install /home/vatsan/robo/build/turtlebot3_gazebo
