[0.515s] Invoking command in '/home/vatsan/robo/build/point_cloud_perception': CMAKE_PREFIX_PATH=/opt/ros/humble DEBUGINFOD_URLS=https://debuginfod.ubuntu.com /home/vatsan/.local/bin/cmake /home/vatsan/robo/src/ros2_learners/point_cloud_perception -DCMAKE_INSTALL_PREFIX=/home/vatsan/robo/install/point_cloud_perception
[1.070s] -- The C compiler identification is GNU 11.4.0
[1.070s] -- The CXX compiler identification is GNU 11.4.0
[1.071s] -- Detecting C compiler ABI info
[1.071s] -- Detecting C compiler ABI info - done
[1.071s] -- Check for working C compiler: /usr/bin/cc - skipped
[1.071s] -- Detecting C compile features
[1.071s] -- Detecting C compile features - done
[1.071s] -- Detecting CXX compiler ABI info
[1.071s] -- Detecting CXX compiler ABI info - done
[1.071s] -- Check for working CXX compiler: /usr/bin/c++ - skipped
[1.071s] -- Detecting CXX compile features
[1.071s] -- Detecting CXX compile features - done
[1.071s] -- Found ament_cmake: 1.3.10 (/opt/ros/humble/share/ament_cmake/cmake)
[1.071s] -- Found Python3: /usr/bin/python3 (found version "3.10.12") found components: Interpreter
[1.072s] [0mCMake Deprecation Warning at CMakeLists.txt:1 (cmake_minimum_required):
[1.072s]   Compatibility with CMake < 3.10 will be removed from a future version of
[1.072s]   CMake.
[1.072s] 
[1.072s]   Update the VERSION argument <min> value.  Or, use the <min>...<max> syntax
[1.072s]   to tell CMake that the project requires at least <min> but has been updated
[1.072s]   to work with policies introduced by <max> or earlier.
[1.072s] 
[1.073s] [0m
[1.073s] [33mCMake Warning (dev) at /usr/lib/x86_64-linux-gnu/cmake/pcl/PCLConfig.cmake:146 (find_package):
[1.074s]   Policy CMP0144 is not set: find_package uses upper-case <PACKAGENAME>_ROOT
[1.074s]   variables.  Run "cmake --help-policy CMP0144" for policy details.  Use the
[1.074s]   cmake_policy command to set the policy and suppress this warning.
[1.074s] 
[1.074s]   CMake variable EIGEN_ROOT is set to:
[1.074s] 
[1.074s]     /usr/include/eigen3
[1.075s] 
[1.075s]   For compatibility, find_package is ignoring the variable, but code in a
[1.075s]   .cmake module might still use it.
[1.075s] Call Stack (most recent call first):
[1.075s]   /usr/lib/x86_64-linux-gnu/cmake/pcl/PCLConfig.cmake:299 (find_eigen)
[1.075s]   /usr/lib/x86_64-linux-gnu/cmake/pcl/PCLConfig.cmake:543 (find_external_library)
[1.075s]   CMakeLists.txt:10 (find_package)
[1.075s] This warning is for project developers.  Use -Wno-dev to suppress it.
[1.075s] [0m
[1.075s] -- Checking for module 'eigen3'
[1.076s] --   Found eigen3, version 3.4.0
[1.108s] -- Found Eigen: /usr/include/eigen3 (Required is at least version "3.1")
[1.108s] -- Eigen found (include: /usr/include/eigen3, version: 3.4.0)
[1.110s] [33mCMake Warning (dev) at /usr/lib/x86_64-linux-gnu/cmake/pcl/PCLConfig.cmake:128 (find_package):
[1.110s]   Policy CMP0167 is not set: The FindBoost module is removed.  Run "cmake
[1.110s]   --help-policy CMP0167" for policy details.  Use the cmake_policy command to
[1.110s]   set the policy and suppress this warning.
[1.110s] 
[1.110s] Call Stack (most recent call first):
[1.110s]   /usr/lib/x86_64-linux-gnu/cmake/pcl/PCLConfig.cmake:297 (find_boost)
[1.110s]   /usr/lib/x86_64-linux-gnu/cmake/pcl/PCLConfig.cmake:543 (find_external_library)
[1.110s]   CMakeLists.txt:10 (find_package)
[1.110s] This warning is for project developers.  Use -Wno-dev to suppress it.
[1.110s] [0m
[1.137s] -- Found Boost: /usr/lib/x86_64-linux-gnu/cmake/Boost-1.74.0/BoostConfig.cmake (found suitable version "1.74.0", minimum required is "1.65.0") found components: system filesystem date_time iostreams serialization
[1.140s] [33mCMake Warning (dev) at /usr/lib/x86_64-linux-gnu/cmake/pcl/Modules/FindFLANN.cmake:44 (find_package):
[1.140s]   Policy CMP0144 is not set: find_package uses upper-case <PACKAGENAME>_ROOT
[1.140s]   variables.  Run "cmake --help-policy CMP0144" for policy details.  Use the
[1.140s]   cmake_policy command to set the policy and suppress this warning.
[1.140s] 
[1.140s]   CMake variable FLANN_ROOT is set to:
[1.140s] 
[1.140s]     /usr
[1.140s] 
[1.141s]   For compatibility, find_package is ignoring the variable, but code in a
[1.141s]   .cmake module might still use it.
[1.141s] Call Stack (most recent call first):
[1.141s]   /usr/lib/x86_64-linux-gnu/cmake/pcl/PCLConfig.cmake:256 (find_package)
[1.141s]   /usr/lib/x86_64-linux-gnu/cmake/pcl/PCLConfig.cmake:301 (find_flann)
[1.141s]   /usr/lib/x86_64-linux-gnu/cmake/pcl/PCLConfig.cmake:543 (find_external_library)
[1.141s]   CMakeLists.txt:10 (find_package)
[1.141s] This warning is for project developers.  Use -Wno-dev to suppress it.
[1.141s] [0m
[1.159s] -- Checking for module 'flann'
[1.170s] --   Found flann, version 1.9.1
[1.233s] -- Found FLANN: /usr/lib/x86_64-linux-gnu/libflann_cpp.so
[1.233s] -- FLANN found (include: /usr/include, lib: /usr/lib/x86_64-linux-gnu/libflann_cpp.so)
[1.303s] -- Performing Test CMAKE_HAVE_LIBC_PTHREAD
[1.377s] -- Performing Test CMAKE_HAVE_LIBC_PTHREAD - Success
[1.379s] -- Found Threads: TRUE
[1.382s] -- Found GLEW: /usr/lib/x86_64-linux-gnu/libGLEW.so
[1.395s] -- Found OpenGL: /usr/lib/x86_64-linux-gnu/libOpenGL.so  found components: OpenGL GLX
[1.566s] -- Found MPI_C: /usr/lib/x86_64-linux-gnu/libmpi.so (found version "3.1")
[1.566s] -- Found MPI: TRUE (found version "3.1") found components: C
[1.570s] -- Found JsonCpp: /usr/lib/x86_64-linux-gnu/libjsoncpp.so (found suitable version "1.9.5", minimum required is "0.7.0")
[1.596s] -- Found ZLIB: /usr/lib/x86_64-linux-gnu/libz.so (found version "1.2.11")
[1.650s] -- Found PNG: /usr/lib/x86_64-linux-gnu/libpng.so (found version "1.6.37")
[1.673s] -- Found Eigen3: /usr/include/eigen3 (found version "3.4.0")
[2.030s] -- Found X11: /usr/include
[2.031s] -- Looking for XOpenDisplay in /usr/lib/x86_64-linux-gnu/libX11.so;/usr/lib/x86_64-linux-gnu/libXext.so
[2.219s] -- Looking for XOpenDisplay in /usr/lib/x86_64-linux-gnu/libX11.so;/usr/lib/x86_64-linux-gnu/libXext.so - found
[2.219s] -- Looking for gethostbyname
[2.322s] -- Looking for gethostbyname - found
[2.322s] -- Looking for connect
[2.408s] -- Looking for connect - found
[2.412s] -- Looking for remove
[2.502s] -- Looking for remove - found
[2.502s] -- Looking for shmat
[2.570s] -- Looking for shmat - found
[2.570s] -- Looking for IceConnectionNumber in ICE
[2.644s] -- Looking for IceConnectionNumber in ICE - found
[2.854s] -- Found EXPAT: /usr/lib/x86_64-linux-gnu/libexpat.so (found version "2.4.7")
[2.857s] -- Found double-conversion: /usr/lib/x86_64-linux-gnu/libdouble-conversion.so
[2.863s] -- Found LZ4: /usr/lib/x86_64-linux-gnu/liblz4.so (found version "1.9.3")
[2.866s] -- Found LZMA: /usr/lib/x86_64-linux-gnu/liblzma.so (found version "5.2.5")
[2.890s] -- Found JPEG: /usr/lib/x86_64-linux-gnu/libjpeg.so (found version "80")
[2.916s] -- Found TIFF: /usr/lib/x86_64-linux-gnu/libtiff.so (found version "4.3.0")
[2.930s] -- Found Freetype: /usr/lib/x86_64-linux-gnu/libfreetype.so (found version "2.11.1")
[2.939s] -- Found utf8cpp: /usr/include/utf8cpp
[3.037s] -- Checking for module 'libusb-1.0'
[3.049s] --   Found libusb-1.0, version 1.0.25
[3.080s] -- Found libusb: /usr/lib/x86_64-linux-gnu/libusb-1.0.so
[3.082s] -- Found OpenNI: /usr/lib/libOpenNI.so;libusb::libusb (found version "1.5.4.0")
[3.084s] -- OpenNI found (version: 1.5.4.0, include: /usr/include/ni, lib: /usr/lib/libOpenNI.so;libusb::libusb)
[3.130s] -- Found OpenNI2: /usr/lib/x86_64-linux-gnu/libOpenNI2.so;libusb::libusb (found version "2.2.0.33")
[3.130s] -- OpenNI2 found (version: 2.2.0.33, include: /usr/include/openni2, lib: /usr/lib/x86_64-linux-gnu/libOpenNI2.so;libusb::libusb)
[3.131s] [0m** WARNING ** io features related to pcap will be disabled[0m
[3.601s] [33mCMake Warning (dev) at /usr/lib/x86_64-linux-gnu/cmake/pcl/PCLConfig.cmake:128 (find_package):
[3.601s]   Policy CMP0167 is not set: The FindBoost module is removed.  Run "cmake
[3.601s]   --help-policy CMP0167" for policy details.  Use the cmake_policy command to
[3.601s]   set the policy and suppress this warning.
[3.602s] 
[3.602s] Call Stack (most recent call first):
[3.602s]   /usr/lib/x86_64-linux-gnu/cmake/pcl/PCLConfig.cmake:297 (find_boost)
[3.602s]   /usr/lib/x86_64-linux-gnu/cmake/pcl/PCLConfig.cmake:543 (find_external_library)
[3.602s]   CMakeLists.txt:10 (find_package)
[3.602s] This warning is for project developers.  Use -Wno-dev to suppress it.
[3.602s] [0m
[3.633s] -- Eigen found (include: /usr/include/eigen3, version: 3.4.0)
[3.652s] -- OpenNI found (version: 1.5.4.0, include: /usr/include/ni, lib: /usr/lib/libOpenNI.so;libusb::libusb)
[3.666s] -- OpenNI2 found (version: 2.2.0.33, include: /usr/include/openni2, lib: /usr/lib/x86_64-linux-gnu/libOpenNI2.so;libusb::libusb)
[4.640s] -- Found Qhull version 8.0.2
[5.661s] -- OpenNI found (version: 1.5.4.0, include: /usr/include/ni, lib: /usr/lib/libOpenNI.so;libusb::libusb)
[6.568s] -- looking for PCL_COMMON
[6.571s] -- Found PCL_COMMON: /usr/lib/x86_64-linux-gnu/libpcl_common.so
[6.571s] -- looking for PCL_KDTREE
[6.577s] -- Found PCL_KDTREE: /usr/lib/x86_64-linux-gnu/libpcl_kdtree.so
[6.577s] -- looking for PCL_OCTREE
[6.585s] -- Found PCL_OCTREE: /usr/lib/x86_64-linux-gnu/libpcl_octree.so
[6.585s] -- looking for PCL_SEARCH
[6.589s] -- Found PCL_SEARCH: /usr/lib/x86_64-linux-gnu/libpcl_search.so
[6.589s] -- looking for PCL_SAMPLE_CONSENSUS
[6.591s] -- Found PCL_SAMPLE_CONSENSUS: /usr/lib/x86_64-linux-gnu/libpcl_sample_consensus.so
[6.595s] -- looking for PCL_FILTERS
[6.597s] -- Found PCL_FILTERS: /usr/lib/x86_64-linux-gnu/libpcl_filters.so
[6.597s] -- looking for PCL_2D
[6.602s] -- Found PCL_2D: /usr/include/pcl-1.12
[6.602s] -- looking for PCL_GEOMETRY
[6.604s] -- Found PCL_GEOMETRY: /usr/include/pcl-1.12
[6.604s] -- looking for PCL_IO
[6.605s] -- Found PCL_IO: /usr/lib/x86_64-linux-gnu/libpcl_io.so
[6.605s] -- looking for PCL_FEATURES
[6.611s] -- Found PCL_FEATURES: /usr/lib/x86_64-linux-gnu/libpcl_features.so
[6.611s] -- looking for PCL_ML
[6.617s] -- Found PCL_ML: /usr/lib/x86_64-linux-gnu/libpcl_ml.so
[6.617s] -- looking for PCL_SEGMENTATION
[6.621s] -- Found PCL_SEGMENTATION: /usr/lib/x86_64-linux-gnu/libpcl_segmentation.so
[6.625s] -- looking for PCL_VISUALIZATION
[6.630s] -- Found PCL_VISUALIZATION: /usr/lib/x86_64-linux-gnu/libpcl_visualization.so
[6.630s] -- looking for PCL_SURFACE
[6.632s] -- Found PCL_SURFACE: /usr/lib/x86_64-linux-gnu/libpcl_surface.so
[6.633s] -- looking for PCL_REGISTRATION
[6.638s] -- Found PCL_REGISTRATION: /usr/lib/x86_64-linux-gnu/libpcl_registration.so
[6.640s] -- looking for PCL_KEYPOINTS
[6.649s] -- Found PCL_KEYPOINTS: /usr/lib/x86_64-linux-gnu/libpcl_keypoints.so
[6.649s] -- looking for PCL_TRACKING
[6.653s] -- Found PCL_TRACKING: /usr/lib/x86_64-linux-gnu/libpcl_tracking.so
[6.653s] -- looking for PCL_RECOGNITION
[6.655s] -- Found PCL_RECOGNITION: /usr/lib/x86_64-linux-gnu/libpcl_recognition.so
[6.657s] -- looking for PCL_STEREO
[6.662s] -- Found PCL_STEREO: /usr/lib/x86_64-linux-gnu/libpcl_stereo.so
[6.662s] -- looking for PCL_APPS
[6.667s] -- Found PCL_APPS: /usr/lib/x86_64-linux-gnu/libpcl_apps.so
[6.673s] -- looking for PCL_IN_HAND_SCANNER
[6.673s] -- Found PCL_IN_HAND_SCANNER: /usr/include/pcl-1.12
[6.673s] -- looking for PCL_MODELER
[6.677s] -- Found PCL_MODELER: /usr/include/pcl-1.12
[6.677s] -- looking for PCL_POINT_CLOUD_EDITOR
[6.677s] -- Found PCL_POINT_CLOUD_EDITOR: /usr/include/pcl-1.12
[6.677s] -- looking for PCL_OUTOFCORE
[6.679s] -- Found PCL_OUTOFCORE: /usr/lib/x86_64-linux-gnu/libpcl_outofcore.so
[6.679s] -- looking for PCL_PEOPLE
[6.681s] -- Found PCL_PEOPLE: /usr/lib/x86_64-linux-gnu/libpcl_people.so
[6.689s] -- Found PCL: pcl_common;pcl_kdtree;pcl_octree;pcl_search;pcl_sample_consensus;pcl_filters;pcl_io;pcl_features;pcl_ml;pcl_segmentation;pcl_visualization;pcl_surface;pcl_registration;pcl_keypoints;pcl_tracking;pcl_recognition;pcl_stereo;pcl_apps;pcl_outofcore;pcl_people;Boost::system;Boost::filesystem;Boost::date_time;Boost::iostreams;Boost::serialization;/usr/lib/libOpenNI.so;libusb::libusb;/usr/lib/x86_64-linux-gnu/libOpenNI2.so;libusb::libusb;VTK::ChartsCore;VTK::CommonColor;VTK::CommonComputationalGeometry;VTK::CommonCore;VTK::CommonDataModel;VTK::CommonExecutionModel;VTK::CommonMath;VTK::CommonMisc;VTK::CommonTransforms;VTK::FiltersCore;VTK::FiltersExtraction;VTK::FiltersGeneral;VTK::FiltersGeometry;VTK::FiltersModeling;VTK::FiltersSources;VTK::ImagingCore;VTK::ImagingSources;VTK::InteractionImage;VTK::InteractionStyle;VTK::InteractionWidgets;VTK::IOCore;VTK::IOGeometry;VTK::IOImage;VTK::IOLegacy;VTK::IOPLY;VTK::RenderingAnnotation;VTK::RenderingCore;VTK::RenderingContext2D;VTK::RenderingLOD;VTK::RenderingFreeType;VTK::ViewsCore;VTK::ViewsContext2D;VTK::RenderingOpenGL2;VTK::GUISupportQt;FLANN::FLANN;QHULL::QHULL
[6.715s] -- Found OpenCV: /usr (found version "4.5.4")
[6.725s] -- Found ament_lint_auto: 0.12.11 (/opt/ros/humble/share/ament_lint_auto/cmake)
[6.963s] -- Added test 'cppcheck' to perform static code analysis on C / C++ code
[6.964s] -- Configured cppcheck include dirs: /home/vatsan/robo/src/ros2_learners/point_cloud_perception/include
[6.967s] -- Configured cppcheck exclude dirs and/or files: 
[6.967s] -- Added test 'flake8' to check Python code syntax and style conventions
[6.967s] -- Added test 'lint_cmake' to check CMake code style
[6.969s] -- Added test 'pep257' to check Python code against some of the docstring style conventions in PEP 257
[6.972s] -- Added test 'uncrustify' to check C / C++ code style
[6.972s] -- Configured uncrustify additional arguments: 
[6.976s] -- Added test 'xmllint' to check XML markup files
[6.980s] -- Configuring done (6.4s)
[7.048s] -- Generating done (0.1s)
[7.063s] -- Build files have been written to: /home/vatsan/robo/build/point_cloud_perception
[7.132s] Invoked command in '/home/vatsan/robo/build/point_cloud_perception' returned '0': CMAKE_PREFIX_PATH=/opt/ros/humble DEBUGINFOD_URLS=https://debuginfod.ubuntu.com /home/vatsan/.local/bin/cmake /home/vatsan/robo/src/ros2_learners/point_cloud_perception -DCMAKE_INSTALL_PREFIX=/home/vatsan/robo/install/point_cloud_perception
[7.132s] Invoking command in '/home/vatsan/robo/build/point_cloud_perception': CMAKE_PREFIX_PATH=/opt/ros/humble DEBUGINFOD_URLS=https://debuginfod.ubuntu.com /home/vatsan/.local/bin/cmake --build /home/vatsan/robo/build/point_cloud_perception -- -j8 -l8
[7.393s] [ 16%] [32mBuilding CXX object CMakeFiles/voxeling.dir/src/voxelizing.cpp.o[0m
[7.395s] [ 33%] [32mBuilding CXX object CMakeFiles/planner_seg.dir/src/planner_seg.cpp.o[0m
[7.400s] [ 50%] [32mBuilding CXX object CMakeFiles/clustering.dir/src/clustering.cpp.o[0m
[14.103s] [ 66%] [32m[1mLinking CXX executable planner_seg[0m
[15.243s] [ 83%] [32m[1mLinking CXX executable voxeling[0m
[15.491s] [ 83%] Built target planner_seg
[16.039s] [ 83%] Built target voxeling
[17.842s] [100%] [32m[1mLinking CXX executable clustering[0m
[19.855s] [100%] Built target clustering
[19.859s] Invoked command in '/home/vatsan/robo/build/point_cloud_perception' returned '0': CMAKE_PREFIX_PATH=/opt/ros/humble DEBUGINFOD_URLS=https://debuginfod.ubuntu.com /home/vatsan/.local/bin/cmake --build /home/vatsan/robo/build/point_cloud_perception -- -j8 -l8
[19.861s] Invoking command in '/home/vatsan/robo/build/point_cloud_perception': CMAKE_PREFIX_PATH=/opt/ros/humble DEBUGINFOD_URLS=https://debuginfod.ubuntu.com /home/vatsan/.local/bin/cmake --install /home/vatsan/robo/build/point_cloud_perception
[19.932s] -- Install configuration: ""
[19.933s] -- Installing: /home/vatsan/robo/install/point_cloud_perception/lib/point_cloud_perception/voxeling
[19.933s] -- Installing: /home/vatsan/robo/install/point_cloud_perception/lib/point_cloud_perception/planner_seg
[19.933s] -- Installing: /home/vatsan/robo/install/point_cloud_perception/lib/point_cloud_perception/clustering
[19.934s] -- Installing: /home/vatsan/robo/install/point_cloud_perception/share/point_cloud_perception//launch
[19.934s] -- Installing: /home/vatsan/robo/install/point_cloud_perception/share/point_cloud_perception//launch/rtab_mapping.launch.py
[19.934s] -- Installing: /home/vatsan/robo/install/point_cloud_perception/share/point_cloud_perception//launch/3d_depth_mapping_rtab3.launch.py
[19.934s] -- Installing: /home/vatsan/robo/install/point_cloud_perception/share/point_cloud_perception//launch/3d_depth_mapping_rtab.launch.py
[19.934s] -- Installing: /home/vatsan/robo/install/point_cloud_perception/share/point_cloud_perception//launch/3d_depth_mapping_rtab1.launch.py
[19.935s] -- Installing: /home/vatsan/robo/install/point_cloud_perception/share/ament_index/resource_index/package_run_dependencies/point_cloud_perception
[19.935s] -- Installing: /home/vatsan/robo/install/point_cloud_perception/share/ament_index/resource_index/parent_prefix_path/point_cloud_perception
[19.935s] -- Installing: /home/vatsan/robo/install/point_cloud_perception/share/point_cloud_perception/environment/ament_prefix_path.sh
[19.935s] -- Installing: /home/vatsan/robo/install/point_cloud_perception/share/point_cloud_perception/environment/ament_prefix_path.dsv
[19.935s] -- Installing: /home/vatsan/robo/install/point_cloud_perception/share/point_cloud_perception/environment/path.sh
[19.935s] -- Installing: /home/vatsan/robo/install/point_cloud_perception/share/point_cloud_perception/environment/path.dsv
[19.935s] -- Installing: /home/vatsan/robo/install/point_cloud_perception/share/point_cloud_perception/local_setup.bash
[19.935s] -- Installing: /home/vatsan/robo/install/point_cloud_perception/share/point_cloud_perception/local_setup.sh
[19.935s] -- Installing: /home/vatsan/robo/install/point_cloud_perception/share/point_cloud_perception/local_setup.zsh
[19.935s] -- Installing: /home/vatsan/robo/install/point_cloud_perception/share/point_cloud_perception/local_setup.dsv
[19.936s] -- Installing: /home/vatsan/robo/install/point_cloud_perception/share/point_cloud_perception/package.dsv
[19.936s] -- Installing: /home/vatsan/robo/install/point_cloud_perception/share/ament_index/resource_index/packages/point_cloud_perception
[19.936s] -- Installing: /home/vatsan/robo/install/point_cloud_perception/share/point_cloud_perception/cmake/point_cloud_perceptionConfig.cmake
[19.936s] -- Installing: /home/vatsan/robo/install/point_cloud_perception/share/point_cloud_perception/cmake/point_cloud_perceptionConfig-version.cmake
[19.936s] -- Installing: /home/vatsan/robo/install/point_cloud_perception/share/point_cloud_perception/package.xml
[19.938s] Invoked command in '/home/vatsan/robo/build/point_cloud_perception' returned '0': CMAKE_PREFIX_PATH=/opt/ros/humble DEBUGINFOD_URLS=https://debuginfod.ubuntu.com /home/vatsan/.local/bin/cmake --install /home/vatsan/robo/build/point_cloud_perception
