[0.269s] Invoking command in '/home/vatsan/robo/build/nodes': CMAKE_PREFIX_PATH=/opt/ros/humble DEBUGINFOD_URLS=https://debuginfod.ubuntu.com /home/vatsan/.local/bin/cmake /home/vatsan/robo/src/ros2_learners/nodes -DCMAKE_INSTALL_PREFIX=/home/vatsan/robo/install/nodes
[1.073s] -- The C compiler identification is GNU 11.4.0
[1.074s] -- The CXX compiler identification is GNU 11.4.0
[1.074s] -- Detecting C compiler ABI info
[1.074s] -- Detecting C compiler ABI info - done
[1.074s] -- Check for working C compiler: /usr/bin/cc - skipped
[1.074s] -- Detecting C compile features
[1.074s] -- Detecting C compile features - done
[1.074s] -- Detecting CXX compiler ABI info
[1.074s] -- Detecting CXX compiler ABI info - done
[1.074s] -- Check for working CXX compiler: /usr/bin/c++ - skipped
[1.075s] -- Detecting CXX compile features
[1.075s] -- Detecting CXX compile features - done
[1.075s] -- Found ament_cmake: 1.3.10 (/opt/ros/humble/share/ament_cmake/cmake)
[1.075s] -- Found Python3: /usr/bin/python3 (found version "3.10.12") found components: Interpreter
[1.075s] -- Found rclcpp: 16.0.10 (/opt/ros/humble/share/rclcpp/cmake)
[1.075s] -- Found rosidl_generator_c: 3.1.5 (/opt/ros/humble/share/rosidl_generator_c/cmake)
[1.075s] -- Found rosidl_adapter: 3.1.5 (/opt/ros/humble/share/rosidl_adapter/cmake)
[1.075s] -- Found rosidl_generator_cpp: 3.1.5 (/opt/ros/humble/share/rosidl_generator_cpp/cmake)
[1.075s] -- Using all available rosidl_typesupport_c: rosidl_typesupport_fastrtps_c;rosidl_typesupport_introspection_c
[1.075s] -- Using all available rosidl_typesupport_cpp: rosidl_typesupport_fastrtps_cpp;rosidl_typesupport_introspection_cpp
[1.075s] -- Found rmw_implementation_cmake: 6.1.2 (/opt/ros/humble/share/rmw_implementation_cmake/cmake)
[1.075s] -- Found rmw_fastrtps_cpp: 6.2.7 (/opt/ros/humble/share/rmw_fastrtps_cpp/cmake)
[1.076s] -- Found OpenSSL: /usr/lib/x86_64-linux-gnu/libcrypto.so (found version "3.0.2")
[1.076s] -- Found FastRTPS: /opt/ros/humble/include
[1.076s] -- Using RMW implementation 'rmw_fastrtps_cpp' as default
[1.076s] -- Performing Test CMAKE_HAVE_LIBC_PTHREAD
[1.077s] [0mCMake Deprecation Warning at CMakeLists.txt:1 (cmake_minimum_required):
[1.077s]   Compatibility with CMake < 3.10 will be removed from a future version of
[1.077s]   CMake.
[1.077s] 
[1.077s]   Update the VERSION argument <min> value.  Or, use the <min>...<max> syntax
[1.077s]   to tell CMake that the project requires at least <min> but has been updated
[1.077s]   to work with policies introduced by <max> or earlier.
[1.077s] 
[1.077s] [0m
[1.142s] -- Performing Test CMAKE_HAVE_LIBC_PTHREAD - Success
[1.142s] -- Found Threads: TRUE
[1.248s] -- Found sensor_msgs: 4.2.4 (/opt/ros/humble/share/sensor_msgs/cmake)
[1.321s] -- Found ament_lint_auto: 0.12.11 (/opt/ros/humble/share/ament_lint_auto/cmake)
[1.433s] -- Added test 'cppcheck' to perform static code analysis on C / C++ code
[1.435s] -- Configured cppcheck include dirs: 
[1.435s] -- Configured cppcheck exclude dirs and/or files: 
[1.436s] -- Added test 'flake8' to check Python code syntax and style conventions
[1.436s] -- Added test 'lint_cmake' to check CMake code style
[1.437s] -- Added test 'pep257' to check Python code against some of the docstring style conventions in PEP 257
[1.439s] -- Added test 'uncrustify' to check C / C++ code style
[1.440s] -- Configured uncrustify additional arguments: 
[1.442s] -- Added test 'xmllint' to check XML markup files
[1.442s] -- Configuring done (1.1s)
[1.469s] -- Generating done (0.0s)
[1.477s] -- Build files have been written to: /home/vatsan/robo/build/nodes
[1.492s] Invoked command in '/home/vatsan/robo/build/nodes' returned '0': CMAKE_PREFIX_PATH=/opt/ros/humble DEBUGINFOD_URLS=https://debuginfod.ubuntu.com /home/vatsan/.local/bin/cmake /home/vatsan/robo/src/ros2_learners/nodes -DCMAKE_INSTALL_PREFIX=/home/vatsan/robo/install/nodes
[1.494s] Invoking command in '/home/vatsan/robo/build/nodes': CMAKE_PREFIX_PATH=/opt/ros/humble DEBUGINFOD_URLS=https://debuginfod.ubuntu.com /home/vatsan/.local/bin/cmake --build /home/vatsan/robo/build/nodes -- -j8 -l8
[1.638s] [ 16%] [32mBuilding CXX object CMakeFiles/sub_node.dir/src/subscriber.cpp.o[0m
[1.639s] [ 33%] [32mBuilding CXX object CMakeFiles/pub_node.dir/src/publisher.cpp.o[0m
[1.642s] [ 50%] [32mBuilding CXX object CMakeFiles/laser_pub.dir/src/laser_publisher.cpp.o[0m
[7.497s] [ 66%] [32m[1mLinking CXX executable laser_pub[0m
[8.048s] [ 66%] Built target laser_pub
[10.611s] [ 83%] [32m[1mLinking CXX executable pub_node[0m
[10.904s] [ 83%] Built target pub_node
[19.239s] [100%] [32m[1mLinking CXX executable sub_node[0m
[20.091s] [100%] Built target sub_node
[20.096s] Invoked command in '/home/vatsan/robo/build/nodes' returned '0': CMAKE_PREFIX_PATH=/opt/ros/humble DEBUGINFOD_URLS=https://debuginfod.ubuntu.com /home/vatsan/.local/bin/cmake --build /home/vatsan/robo/build/nodes -- -j8 -l8
[20.097s] Invoking command in '/home/vatsan/robo/build/nodes': CMAKE_PREFIX_PATH=/opt/ros/humble DEBUGINFOD_URLS=https://debuginfod.ubuntu.com /home/vatsan/.local/bin/cmake --install /home/vatsan/robo/build/nodes
[20.165s] -- Install configuration: ""
[20.166s] -- Installing: /home/vatsan/robo/install/nodes/lib/nodes/pub_node
[20.166s] -- Set non-toolchain portion of runtime path of "/home/vatsan/robo/install/nodes/lib/nodes/pub_node" to ""
[20.166s] -- Installing: /home/vatsan/robo/install/nodes/lib/nodes/sub_node
[20.169s] -- Set non-toolchain portion of runtime path of "/home/vatsan/robo/install/nodes/lib/nodes/sub_node" to ""
[20.169s] -- Installing: /home/vatsan/robo/install/nodes/lib/nodes/laser_pub
[20.170s] -- Set non-toolchain portion of runtime path of "/home/vatsan/robo/install/nodes/lib/nodes/laser_pub" to ""
[20.170s] -- Installing: /home/vatsan/robo/install/nodes/share/ament_index/resource_index/package_run_dependencies/nodes
[20.170s] -- Installing: /home/vatsan/robo/install/nodes/share/ament_index/resource_index/parent_prefix_path/nodes
[20.170s] -- Installing: /home/vatsan/robo/install/nodes/share/nodes/environment/ament_prefix_path.sh
[20.171s] -- Installing: /home/vatsan/robo/install/nodes/share/nodes/environment/ament_prefix_path.dsv
[20.171s] -- Installing: /home/vatsan/robo/install/nodes/share/nodes/environment/path.sh
[20.171s] -- Installing: /home/vatsan/robo/install/nodes/share/nodes/environment/path.dsv
[20.171s] -- Installing: /home/vatsan/robo/install/nodes/share/nodes/local_setup.bash
[20.171s] -- Installing: /home/vatsan/robo/install/nodes/share/nodes/local_setup.sh
[20.171s] -- Installing: /home/vatsan/robo/install/nodes/share/nodes/local_setup.zsh
[20.171s] -- Installing: /home/vatsan/robo/install/nodes/share/nodes/local_setup.dsv
[20.171s] -- Installing: /home/vatsan/robo/install/nodes/share/nodes/package.dsv
[20.171s] -- Installing: /home/vatsan/robo/install/nodes/share/ament_index/resource_index/packages/nodes
[20.171s] -- Installing: /home/vatsan/robo/install/nodes/share/nodes/cmake/nodesConfig.cmake
[20.172s] -- Installing: /home/vatsan/robo/install/nodes/share/nodes/cmake/nodesConfig-version.cmake
[20.172s] -- Installing: /home/vatsan/robo/install/nodes/share/nodes/package.xml
[20.173s] Invoked command in '/home/vatsan/robo/build/nodes' returned '0': CMAKE_PREFIX_PATH=/opt/ros/humble DEBUGINFOD_URLS=https://debuginfod.ubuntu.com /home/vatsan/.local/bin/cmake --install /home/vatsan/robo/build/nodes
