[1.048s] Invoking command in '/home/vatsan/robo/build/transforms': CMAKE_PREFIX_PATH=/opt/ros/humble DEBUGINFOD_URLS=https://debuginfod.ubuntu.com /home/vatsan/.local/bin/cmake /home/vatsan/robo/src/ros2_learners/transforms -DCMAKE_INSTALL_PREFIX=/home/vatsan/robo/install/transforms
[1.146s] [0mCMake Deprecation Warning at CMakeLists.txt:1 (cmake_minimum_required):
[1.147s]   Compatibility with CMake < 3.10 will be removed from a future version of
[1.147s]   CMake.
[1.147s] 
[1.147s]   Update the VERSION argument <min> value.  Or, use the <min>...<max> syntax
[1.147s]   to tell CMake that the project requires at least <min> but has been updated
[1.147s]   to work with policies introduced by <max> or earlier.
[1.147s] 
[1.147s] [0m
[1.203s] -- The C compiler identification is GNU 11.4.0
[1.267s] -- The CXX compiler identification is GNU 11.4.0
[1.278s] -- Detecting C compiler ABI info
[1.344s] -- Detecting C compiler ABI info - done
[1.368s] -- Check for working C compiler: /usr/bin/cc - skipped
[1.368s] -- Detecting C compile features
[1.369s] -- Detecting C compile features - done
[1.385s] -- Detecting CXX compiler ABI info
[1.467s] -- Detecting CXX compiler ABI info - done
[1.493s] -- Check for working CXX compiler: /usr/bin/c++ - skipped
[1.493s] -- Detecting CXX compile features
[1.494s] -- Detecting CXX compile features - done
[1.504s] -- Found ament_cmake: 1.3.10 (/opt/ros/humble/share/ament_cmake/cmake)
[1.725s] -- Found Python3: /usr/bin/python3 (found version "3.10.12") found components: Interpreter
[1.838s] -- Found rclcpp: 16.0.10 (/opt/ros/humble/share/rclcpp/cmake)
[1.972s] -- Found rosidl_generator_c: 3.1.5 (/opt/ros/humble/share/rosidl_generator_c/cmake)
[1.988s] -- Found rosidl_adapter: 3.1.5 (/opt/ros/humble/share/rosidl_adapter/cmake)
[2.019s] -- Found rosidl_generator_cpp: 3.1.5 (/opt/ros/humble/share/rosidl_generator_cpp/cmake)
[2.063s] -- Using all available rosidl_typesupport_c: rosidl_typesupport_fastrtps_c;rosidl_typesupport_introspection_c
[2.120s] -- Using all available rosidl_typesupport_cpp: rosidl_typesupport_fastrtps_cpp;rosidl_typesupport_introspection_cpp
[2.209s] -- Found rmw_implementation_cmake: 6.1.2 (/opt/ros/humble/share/rmw_implementation_cmake/cmake)
[2.209s] -- Found rmw_fastrtps_cpp: 6.2.7 (/opt/ros/humble/share/rmw_fastrtps_cpp/cmake)
[2.373s] -- Found OpenSSL: /usr/lib/x86_64-linux-gnu/libcrypto.so (found version "3.0.2")
[2.433s] -- Found FastRTPS: /opt/ros/humble/include
[2.494s] -- Using RMW implementation 'rmw_fastrtps_cpp' as default
[2.507s] -- Performing Test CMAKE_HAVE_LIBC_PTHREAD
[2.586s] -- Performing Test CMAKE_HAVE_LIBC_PTHREAD - Success
[2.587s] -- Found Threads: TRUE
[2.676s] -- Found tf2_ros: 0.25.8 (/opt/ros/humble/share/tf2_ros/cmake)
[2.866s] -- Found ament_lint_auto: 0.12.11 (/opt/ros/humble/share/ament_lint_auto/cmake)
[2.946s] -- Added test 'cppcheck' to perform static code analysis on C / C++ code
[2.947s] -- Configured cppcheck include dirs: 
[2.948s] -- Configured cppcheck exclude dirs and/or files: 
[2.948s] -- Added test 'flake8' to check Python code syntax and style conventions
[2.948s] -- Added test 'lint_cmake' to check CMake code style
[2.949s] -- Added test 'pep257' to check Python code against some of the docstring style conventions in PEP 257
[2.951s] -- Added test 'uncrustify' to check C / C++ code style
[2.951s] -- Configured uncrustify additional arguments: 
[2.951s] -- Added test 'xmllint' to check XML markup files
[2.953s] -- Configuring done (1.8s)
[2.998s] -- Generating done (0.0s)
[3.012s] -- Build files have been written to: /home/vatsan/robo/build/transforms
[3.027s] Invoked command in '/home/vatsan/robo/build/transforms' returned '0': CMAKE_PREFIX_PATH=/opt/ros/humble DEBUGINFOD_URLS=https://debuginfod.ubuntu.com /home/vatsan/.local/bin/cmake /home/vatsan/robo/src/ros2_learners/transforms -DCMAKE_INSTALL_PREFIX=/home/vatsan/robo/install/transforms
[3.029s] Invoking command in '/home/vatsan/robo/build/transforms': CMAKE_PREFIX_PATH=/opt/ros/humble DEBUGINFOD_URLS=https://debuginfod.ubuntu.com /home/vatsan/.local/bin/cmake --build /home/vatsan/robo/build/transforms -- -j8 -l8
[3.145s] [ 20%] [32mBuilding CXX object CMakeFiles/rotation_frame.dir/src/rotation_frame.cpp.o[0m
[3.145s] [ 20%] [32mBuilding CXX object CMakeFiles/translation_frame.dir/src/translation_frame.cpp.o[0m
[3.145s] [ 30%] [32mBuilding CXX object CMakeFiles/transform_order.dir/src/transform_order.cpp.o[0m
[3.146s] [ 40%] [32mBuilding CXX object CMakeFiles/frame_chains.dir/src/frame_chains.cpp.o[0m
[3.158s] [ 50%] [32mBuilding CXX object CMakeFiles/static_dynamic_frame.dir/src/static_dynamic_frame.cpp.o[0m
[11.447s] [ 60%] [32m[1mLinking CXX executable static_dynamic_frame[0m
[11.829s] [ 70%] [32m[1mLinking CXX executable rotation_frame[0m
[11.906s] [ 70%] Built target static_dynamic_frame
[12.014s] [ 80%] [32m[1mLinking CXX executable transform_order[0m
[12.160s] [ 80%] Built target rotation_frame
[12.299s] [ 80%] Built target transform_order
[13.107s] [ 90%] [32m[1mLinking CXX executable translation_frame[0m
[13.138s] [100%] [32m[1mLinking CXX executable frame_chains[0m
[13.522s] [100%] Built target translation_frame
[13.585s] [100%] Built target frame_chains
[13.603s] Invoked command in '/home/vatsan/robo/build/transforms' returned '0': CMAKE_PREFIX_PATH=/opt/ros/humble DEBUGINFOD_URLS=https://debuginfod.ubuntu.com /home/vatsan/.local/bin/cmake --build /home/vatsan/robo/build/transforms -- -j8 -l8
[13.603s] Invoking command in '/home/vatsan/robo/build/transforms': CMAKE_PREFIX_PATH=/opt/ros/humble DEBUGINFOD_URLS=https://debuginfod.ubuntu.com /home/vatsan/.local/bin/cmake --install /home/vatsan/robo/build/transforms
[13.823s] -- Install configuration: ""
[13.824s] -- Installing: /home/vatsan/robo/install/transforms/lib/transforms/translation_frame
[13.825s] -- Set non-toolchain portion of runtime path of "/home/vatsan/robo/install/transforms/lib/transforms/translation_frame" to ""
[13.825s] -- Installing: /home/vatsan/robo/install/transforms/lib/transforms/rotation_frame
[13.826s] -- Set non-toolchain portion of runtime path of "/home/vatsan/robo/install/transforms/lib/transforms/rotation_frame" to ""
[13.826s] -- Installing: /home/vatsan/robo/install/transforms/lib/transforms/transform_order
[13.832s] -- Set non-toolchain portion of runtime path of "/home/vatsan/robo/install/transforms/lib/transforms/transform_order" to ""
[13.832s] -- Installing: /home/vatsan/robo/install/transforms/lib/transforms/frame_chains
[13.832s] -- Set non-toolchain portion of runtime path of "/home/vatsan/robo/install/transforms/lib/transforms/frame_chains" to ""
[13.832s] -- Installing: /home/vatsan/robo/install/transforms/lib/transforms/static_dynamic_frame
[13.833s] -- Set non-toolchain portion of runtime path of "/home/vatsan/robo/install/transforms/lib/transforms/static_dynamic_frame" to ""
[13.833s] -- Installing: /home/vatsan/robo/install/transforms/share/transforms/launch
[13.840s] -- Installing: /home/vatsan/robo/install/transforms/share/transforms/launch/rviz.launch.py
[13.840s] -- Installing: /home/vatsan/robo/install/transforms/share/transforms/launch/gazebo.launch.py
[13.840s] -- Installing: /home/vatsan/robo/install/transforms/share/transforms/urdf
[13.840s] -- Installing: /home/vatsan/robo/install/transforms/share/transforms/urdf/diff_drive.urdf
[13.840s] -- Installing: /home/vatsan/robo/install/transforms/share/transforms/config
[13.840s] -- Installing: /home/vatsan/robo/install/transforms/share/transforms/config/urdf_view.rviz
[13.840s] -- Installing: /home/vatsan/robo/install/transforms/share/ament_index/resource_index/package_run_dependencies/transforms
[13.840s] -- Installing: /home/vatsan/robo/install/transforms/share/ament_index/resource_index/parent_prefix_path/transforms
[13.840s] -- Installing: /home/vatsan/robo/install/transforms/share/transforms/environment/ament_prefix_path.sh
[13.841s] -- Installing: /home/vatsan/robo/install/transforms/share/transforms/environment/ament_prefix_path.dsv
[13.841s] -- Installing: /home/vatsan/robo/install/transforms/share/transforms/environment/path.sh
[13.841s] -- Installing: /home/vatsan/robo/install/transforms/share/transforms/environment/path.dsv
[13.841s] -- Installing: /home/vatsan/robo/install/transforms/share/transforms/local_setup.bash
[13.841s] -- Installing: /home/vatsan/robo/install/transforms/share/transforms/local_setup.sh
[13.841s] -- Installing: /home/vatsan/robo/install/transforms/share/transforms/local_setup.zsh
[13.841s] -- Installing: /home/vatsan/robo/install/transforms/share/transforms/local_setup.dsv
[13.841s] -- Installing: /home/vatsan/robo/install/transforms/share/transforms/package.dsv
[13.841s] -- Installing: /home/vatsan/robo/install/transforms/share/ament_index/resource_index/packages/transforms
[13.841s] -- Installing: /home/vatsan/robo/install/transforms/share/transforms/cmake/transformsConfig.cmake
[13.841s] -- Installing: /home/vatsan/robo/install/transforms/share/transforms/cmake/transformsConfig-version.cmake
[13.841s] -- Installing: /home/vatsan/robo/install/transforms/share/transforms/package.xml
[13.847s] Invoked command in '/home/vatsan/robo/build/transforms' returned '0': CMAKE_PREFIX_PATH=/opt/ros/humble DEBUGINFOD_URLS=https://debuginfod.ubuntu.com /home/vatsan/.local/bin/cmake --install /home/vatsan/robo/build/transforms
