[1.659s] Invoking command in '/home/vatsan/robo/src/ros2_learners/robot_math': DEBUGINFOD_URLS=https://debuginfod.ubuntu.com PYTHONPATH=/home/vatsan/robo/build/robot_math/prefix_override:/usr/lib/python3/dist-packages/colcon_core/task/python/colcon_distutils_commands:/home/vatsan/robo/install/robot_math/lib/python3.10/site-packages:${PYTHONPATH} /usr/bin/python3 -W ignore:setup.py install is deprecated -W ignore:easy_install command is deprecated setup.py egg_info --egg-base ../../../build/robot_math build --build-base /home/vatsan/robo/build/robot_math/build install --record /home/vatsan/robo/build/robot_math/install.log --single-version-externally-managed install_data
[2.201s] running egg_info
[2.201s] creating ../../../build/robot_math/robot_math.egg-info
[2.201s] writing ../../../build/robot_math/robot_math.egg-info/PKG-INFO
[2.201s] writing dependency_links to ../../../build/robot_math/robot_math.egg-info/dependency_links.txt
[2.202s] writing entry points to ../../../build/robot_math/robot_math.egg-info/entry_points.txt
[2.202s] writing requirements to ../../../build/robot_math/robot_math.egg-info/requires.txt
[2.202s] writing top-level names to ../../../build/robot_math/robot_math.egg-info/top_level.txt
[2.202s] writing manifest file '../../../build/robot_math/robot_math.egg-info/SOURCES.txt'
[2.202s] reading manifest file '../../../build/robot_math/robot_math.egg-info/SOURCES.txt'
[2.202s] writing manifest file '../../../build/robot_math/robot_math.egg-info/SOURCES.txt'
[2.202s] running build
[2.202s] running build_py
[2.202s] creating /home/vatsan/robo/build/robot_math/build
[2.202s] creating /home/vatsan/robo/build/robot_math/build/lib
[2.202s] creating /home/vatsan/robo/build/robot_math/build/lib/robot_math
[2.203s] copying robot_math/gtg.py -> /home/vatsan/robo/build/robot_math/build/lib/robot_math
[2.203s] copying robot_math/__init__.py -> /home/vatsan/robo/build/robot_math/build/lib/robot_math
[2.203s] copying robot_math/andular_velocity.py -> /home/vatsan/robo/build/robot_math/build/lib/robot_math
[2.203s] running install
[2.203s] running install_lib
[2.203s] creating /home/vatsan/robo/install/robot_math/lib/python3.10/site-packages/robot_math
[2.203s] copying /home/vatsan/robo/build/robot_math/build/lib/robot_math/gtg.py -> /home/vatsan/robo/install/robot_math/lib/python3.10/site-packages/robot_math
[2.203s] copying /home/vatsan/robo/build/robot_math/build/lib/robot_math/__init__.py -> /home/vatsan/robo/install/robot_math/lib/python3.10/site-packages/robot_math
[2.203s] copying /home/vatsan/robo/build/robot_math/build/lib/robot_math/andular_velocity.py -> /home/vatsan/robo/install/robot_math/lib/python3.10/site-packages/robot_math
[2.203s] byte-compiling /home/vatsan/robo/install/robot_math/lib/python3.10/site-packages/robot_math/gtg.py to gtg.cpython-310.pyc
[2.203s] byte-compiling /home/vatsan/robo/install/robot_math/lib/python3.10/site-packages/robot_math/__init__.py to __init__.cpython-310.pyc
[2.203s] byte-compiling /home/vatsan/robo/install/robot_math/lib/python3.10/site-packages/robot_math/andular_velocity.py to andular_velocity.cpython-310.pyc
[2.204s] running install_data
[2.204s] creating /home/vatsan/robo/install/robot_math/share/ament_index
[2.204s] creating /home/vatsan/robo/install/robot_math/share/ament_index/resource_index
[2.204s] creating /home/vatsan/robo/install/robot_math/share/ament_index/resource_index/packages
[2.206s] copying resource/robot_math -> /home/vatsan/robo/install/robot_math/share/ament_index/resource_index/packages
[2.208s] copying package.xml -> /home/vatsan/robo/install/robot_math/share/robot_math
[2.208s] running install_egg_info
[2.208s] Copying ../../../build/robot_math/robot_math.egg-info to /home/vatsan/robo/install/robot_math/lib/python3.10/site-packages/robot_math-0.0.0-py3.10.egg-info
[2.208s] running install_scripts
[2.208s] Installing circle_motion_node script to /home/vatsan/robo/install/robot_math/lib/robot_math
[2.208s] Installing go_To_Goal_node script to /home/vatsan/robo/install/robot_math/lib/robot_math
[2.209s] writing list of installed files to '/home/vatsan/robo/build/robot_math/install.log'
[2.241s] Invoked command in '/home/vatsan/robo/src/ros2_learners/robot_math' returned '0': DEBUGINFOD_URLS=https://debuginfod.ubuntu.com PYTHONPATH=/home/vatsan/robo/build/robot_math/prefix_override:/usr/lib/python3/dist-packages/colcon_core/task/python/colcon_distutils_commands:/home/vatsan/robo/install/robot_math/lib/python3.10/site-packages:${PYTHONPATH} /usr/bin/python3 -W ignore:setup.py install is deprecated -W ignore:easy_install command is deprecated setup.py egg_info --egg-base ../../../build/robot_math build --build-base /home/vatsan/robo/build/robot_math/build install --record /home/vatsan/robo/build/robot_math/install.log --single-version-externally-managed install_data
