[1.632s] Invoking command in '/home/vatsan/robo/src/ros2_learners/pc': DEBUGINFOD_URLS=https://debuginfod.ubuntu.com PYTHONPATH=/home/vatsan/robo/build/pc/prefix_override:/usr/lib/python3/dist-packages/colcon_core/task/python/colcon_distutils_commands:/home/vatsan/robo/install/pc/lib/python3.10/site-packages:${PYTHONPATH} /usr/bin/python3 -W ignore:setup.py install is deprecated -W ignore:easy_install command is deprecated setup.py egg_info --egg-base ../../../build/pc build --build-base /home/vatsan/robo/build/pc/build install --record /home/vatsan/robo/build/pc/install.log --single-version-externally-managed install_data
[2.093s] running egg_info
[2.094s] creating ../../../build/pc/pc.egg-info
[2.095s] writing ../../../build/pc/pc.egg-info/PKG-INFO
[2.095s] writing dependency_links to ../../../build/pc/pc.egg-info/dependency_links.txt
[2.096s] writing entry points to ../../../build/pc/pc.egg-info/entry_points.txt
[2.096s] writing requirements to ../../../build/pc/pc.egg-info/requires.txt
[2.096s] writing top-level names to ../../../build/pc/pc.egg-info/top_level.txt
[2.097s] writing manifest file '../../../build/pc/pc.egg-info/SOURCES.txt'
[2.107s] reading manifest file '../../../build/pc/pc.egg-info/SOURCES.txt'
[2.107s] writing manifest file '../../../build/pc/pc.egg-info/SOURCES.txt'
[2.107s] running build
[2.107s] running build_py
[2.108s] creating /home/vatsan/robo/build/pc/build
[2.108s] creating /home/vatsan/robo/build/pc/build/lib
[2.111s] creating /home/vatsan/robo/build/pc/build/lib/pc
[2.111s] copying pc/point_net1.py -> /home/vatsan/robo/build/pc/build/lib/pc
[2.111s] copying pc/list1.py -> /home/vatsan/robo/build/pc/build/lib/pc
[2.111s] copying pc/__init__.py -> /home/vatsan/robo/build/pc/build/lib/pc
[2.111s] copying pc/Final1.py -> /home/vatsan/robo/build/pc/build/lib/pc
[2.113s] copying pc/pointnet_model.py -> /home/vatsan/robo/build/pc/build/lib/pc
[2.113s] copying pc/match.py -> /home/vatsan/robo/build/pc/build/lib/pc
[2.113s] running install
[2.114s] running install_lib
[2.117s] creating /home/vatsan/robo/install/pc/lib/python3.10/site-packages/pc
[2.117s] copying /home/vatsan/robo/build/pc/build/lib/pc/point_net1.py -> /home/vatsan/robo/install/pc/lib/python3.10/site-packages/pc
[2.118s] copying /home/vatsan/robo/build/pc/build/lib/pc/list1.py -> /home/vatsan/robo/install/pc/lib/python3.10/site-packages/pc
[2.121s] copying /home/vatsan/robo/build/pc/build/lib/pc/__init__.py -> /home/vatsan/robo/install/pc/lib/python3.10/site-packages/pc
[2.121s] copying /home/vatsan/robo/build/pc/build/lib/pc/Final1.py -> /home/vatsan/robo/install/pc/lib/python3.10/site-packages/pc
[2.121s] copying /home/vatsan/robo/build/pc/build/lib/pc/pointnet_model.py -> /home/vatsan/robo/install/pc/lib/python3.10/site-packages/pc
[2.121s] copying /home/vatsan/robo/build/pc/build/lib/pc/match.py -> /home/vatsan/robo/install/pc/lib/python3.10/site-packages/pc
[2.122s] byte-compiling /home/vatsan/robo/install/pc/lib/python3.10/site-packages/pc/point_net1.py to point_net1.cpython-310.pyc
[2.124s] byte-compiling /home/vatsan/robo/install/pc/lib/python3.10/site-packages/pc/list1.py to list1.cpython-310.pyc
[2.125s] byte-compiling /home/vatsan/robo/install/pc/lib/python3.10/site-packages/pc/__init__.py to __init__.cpython-310.pyc
[2.126s] byte-compiling /home/vatsan/robo/install/pc/lib/python3.10/site-packages/pc/Final1.py to Final1.cpython-310.pyc
[2.127s] byte-compiling /home/vatsan/robo/install/pc/lib/python3.10/site-packages/pc/pointnet_model.py to pointnet_model.cpython-310.pyc
[2.129s] byte-compiling /home/vatsan/robo/install/pc/lib/python3.10/site-packages/pc/match.py to match.cpython-310.pyc
[2.131s] running install_data
[2.131s] creating /home/vatsan/robo/install/pc/share/ament_index
[2.131s] creating /home/vatsan/robo/install/pc/share/ament_index/resource_index
[2.132s] creating /home/vatsan/robo/install/pc/share/ament_index/resource_index/packages
[2.132s] copying resource/pc -> /home/vatsan/robo/install/pc/share/ament_index/resource_index/packages
[2.132s] copying package.xml -> /home/vatsan/robo/install/pc/share/pc
[2.132s] running install_egg_info
[2.135s] Copying ../../../build/pc/pc.egg-info to /home/vatsan/robo/install/pc/lib/python3.10/site-packages/pc-0.0.0-py3.10.egg-info
[2.136s] running install_scripts
[2.166s] Installing map_launch script to /home/vatsan/robo/install/pc/lib/pc
[2.166s] writing list of installed files to '/home/vatsan/robo/build/pc/install.log'
[2.216s] Invoked command in '/home/vatsan/robo/src/ros2_learners/pc' returned '0': DEBUGINFOD_URLS=https://debuginfod.ubuntu.com PYTHONPATH=/home/vatsan/robo/build/pc/prefix_override:/usr/lib/python3/dist-packages/colcon_core/task/python/colcon_distutils_commands:/home/vatsan/robo/install/pc/lib/python3.10/site-packages:${PYTHONPATH} /usr/bin/python3 -W ignore:setup.py install is deprecated -W ignore:easy_install command is deprecated setup.py egg_info --egg-base ../../../build/pc build --build-base /home/vatsan/robo/build/pc/build install --record /home/vatsan/robo/build/pc/install.log --single-version-externally-managed install_data
